192.168.0.101 is connected to system
192.168.0.101 sent 2
application: 2
connected 192.168.0.101
192.168.0.101 start: 05/11/18 - 11:47:48
accept ssl connection to 192.168.0.101
('192.168.0.101', 56278)
conn closed
process started
Monitoring 192.168.0.101
connected to 192.168.0.101
message 05/11/18	11:47:55-All's well!
message 05/11/18	11:47:57-All's well!
message 05/11/18	11:47:59-All's well!
message 05/11/18	11:48:01-All's well!
message 05/11/18	11:48:03-All's well!
message 05/11/18	11:48:05-All's well!
message 05/11/18	11:48:07-All's well!
message 05/11/18	11:48:09-All's well!
message 05/11/18	11:48:11-All's well!
message 05/11/18	11:48:13-All's well!
message 05/11/18	11:48:15-All's well!
message 05/11/18	11:48:17-All's well!
message 05/11/18	11:48:19-All's well!
message 05/11/18	11:48:21-All's well!
message 05/11/18	11:48:23-All's well!
message 05/11/18	11:48:25-All's well!
message 05/11/18	11:48:27-All's well!
message 05/11/18	11:48:29-All's well!
message 05/11/18	11:48:31-All's well!
message 05/11/18	11:48:33-All's well!
message 05/11/18	11:48:35-All's well!
message 05/11/18	11:48:37-All's well!
message 05/11/18	11:48:39-All's well!
message 05/11/18	11:48:41-All's well!
message 05/11/18	11:48:43-All's well!
message 05/11/18	11:48:45-All's well!
message 05/11/18	11:48:47-All's well!
message 05/11/18	11:48:49-All's well!
message 05/11/18	11:48:51-All's well!
message 05/11/18	11:48:53-All's well!
message 05/11/18	11:48:55-All's well!
message 05/11/18	11:48:57-All's well!
message 05/11/18	11:48:59-All's well!
message 05/11/18	11:49:01-All's well!
message 05/11/18	11:49:03-All's well!
message 05/11/18	11:49:05-All's well!
message 05/11/18	11:49:07-All's well!
message 05/11/18	11:49:09-All's well!
message 05/11/18	11:49:11-All's well!
message 05/11/18	11:49:13-All's well!
message 05/11/18	11:49:15-All's well!
message 05/11/18	11:49:17-All's well!
message 05/11/18	11:49:19-All's well!
message 05/11/18	11:49:21-All's well!
message 05/11/18	11:49:23-All's well!
message 05/11/18	11:49:25-All's well!
message 05/11/18	11:49:27-All's well!
message 05/11/18	11:49:29-All's well!
message 05/11/18	11:49:31-All's well!
message 05/11/18	11:49:33-All's well!
message 05/11/18	11:49:35-All's well!
message 05/11/18	11:49:37-All's well!
message 05/11/18	11:49:39-All's well!
message 05/11/18	11:49:41-All's well!
message 05/11/18	11:49:43-All's well!
message 05/11/18	11:49:45-All's well!
message 05/11/18	11:49:47-All's well!
message 05/11/18	11:49:49-All's well!
message 05/11/18	11:49:51-All's well!
message 05/11/18	11:49:53-All's well!
message 05/11/18	11:49:55-All's well!
message 05/11/18	11:49:57-All's well!
message 05/11/18	11:49:59-All's well!
message 05/11/18	11:50:01-All's well!
message 05/11/18	11:50:03-All's well!
message 05/11/18	11:50:05-All's well!
message 05/11/18	11:50:07-All's well!
message 05/11/18	11:50:09-All's well!
message 05/11/18	11:50:11-All's well!
message 05/11/18	11:50:13-All's well!
message 05/11/18	11:50:15-All's well!
message 05/11/18	11:50:17-All's well!
message 05/11/18	11:50:19-All's well!
message 05/11/18	11:50:21-All's well!
message 05/11/18	11:50:23-All's well!
message 05/11/18	11:50:25-All's well!
message 05/11/18	11:50:27-All's well!
message 05/11/18	11:50:29-All's well!
message 05/11/18	11:50:31-All's well!
message 05/11/18	11:50:33-All's well!
message 05/11/18	11:50:35-All's well!
message 05/11/18	11:50:37-All's well!
message 05/11/18	11:50:39-All's well!
message 05/11/18	11:50:41-All's well!
message 05/11/18	11:50:43-All's well!
message 05/11/18	11:50:45-All's well!
message 05/11/18	11:50:47-All's well!
message 05/11/18	11:50:49-All's well!
message 05/11/18	11:50:51-All's well!
message 05/11/18	11:50:53-All's well!
message 05/11/18	11:50:55-All's well!
message 05/11/18	11:50:57-All's well!
message 05/11/18	11:50:59-All's well!
message 05/11/18	11:51:01-All's well!
message 05/11/18	11:51:03-All's well!
message 05/11/18	11:51:05-All's well!
message 05/11/18	11:51:07-All's well!
message 05/11/18	11:51:09-All's well!
message 05/11/18	11:51:11-All's well!
message 05/11/18	11:51:13-All's well!
message 05/11/18	11:51:15-All's well!
message 05/11/18	11:51:17-All's well!
message 05/11/18	11:51:19-All's well!
message 05/11/18	11:51:21-All's well!
message 05/11/18	11:51:23-All's well!
message 05/11/18	11:51:25-All's well!
message 05/11/18	11:51:27-All's well!
message 05/11/18	11:51:29-All's well!
message 05/11/18	11:51:31-All's well!
message 05/11/18	11:51:33-All's well!
message 05/11/18	11:51:35-All's well!
message 05/11/18	11:51:37-All's well!
message 05/11/18	11:51:39-All's well!
message 05/11/18	11:51:41-All's well!
message 05/11/18	11:51:43-All's well!
message 05/11/18	11:51:45-All's well!
message 05/11/18	11:51:47-All's well!
message 05/11/18	11:51:49-All's well!
message 05/11/18	11:51:51-All's well!
message 05/11/18	11:51:53-All's well!
message 05/11/18	11:51:55-All's well!
message 05/11/18	11:51:57-All's well!
message 05/11/18	11:51:59-All's well!
message 05/11/18	11:52:01-All's well!
05/11/18 - 11:55:14 Completed shutdown process for App 2
Beginning System Shutdown Procedure...
Shutdown IC Process Dead
IC Processes dead
GUI dead
